Determining if the pthread_create exist failed with the following output:
Change Dir: /home/ncrl/workspace/ros_workspace/mobile_robots_ws/build/CMakeFiles/CMakeTmp

Run Build Command:"/usr/bin/make" "cmTC_15e72/fast"
/usr/bin/make -f CMakeFiles/cmTC_15e72.dir/build.make CMakeFiles/cmTC_15e72.dir/build
make[1]: Entering directory '/home/ncrl/workspace/ros_workspace/mobile_robots_ws/build/CMakeFiles/CMakeTmp'
Building C object CMakeFiles/cmTC_15e72.dir/CheckSymbolExists.c.o
/usr/bin/cc    -o CMakeFiles/cmTC_15e72.dir/CheckSymbolExists.c.o   -c /home/ncrl/workspace/ros_workspace/mobile_robots_ws/build/CMakeFiles/CMakeTmp/CheckSymbolExists.c
Linking C executable cmTC_15e72
/usr/bin/cmake -E cmake_link_script CMakeFiles/cmTC_15e72.dir/link.txt --verbose=1
/usr/bin/cc      -rdynamic CMakeFiles/cmTC_15e72.dir/CheckSymbolExists.c.o  -o cmTC_15e72 
CMakeFiles/cmTC_15e72.dir/CheckSymbolExists.c.o: In function `main':
CheckSymbolExists.c:(.text+0x1b): undefined reference to `pthread_create'
collect2: error: ld returned 1 exit status
CMakeFiles/cmTC_15e72.dir/build.make:97: recipe for target 'cmTC_15e72' failed
make[1]: *** [cmTC_15e72] Error 1
make[1]: Leaving directory '/home/ncrl/workspace/ros_workspace/mobile_robots_ws/build/CMakeFiles/CMakeTmp'
Makefile:126: recipe for target 'cmTC_15e72/fast' failed
make: *** [cmTC_15e72/fast] Error 2

File /home/ncrl/workspace/ros_workspace/mobile_robots_ws/build/CMakeFiles/CMakeTmp/CheckSymbolExists.c:
/* */
#include <pthread.h>

int main(int argc, char** argv)
{
  (void)argv;
#ifndef pthread_create
  return ((int*)(&pthread_create))[argc];
#else
  (void)argc;
  return 0;
#endif
}

Determining if the function pthread_create exists in the pthreads failed with the following output:
Change Dir: /home/ncrl/workspace/ros_workspace/mobile_robots_ws/build/CMakeFiles/CMakeTmp

Run Build Command:"/usr/bin/make" "cmTC_4f8ec/fast"
/usr/bin/make -f CMakeFiles/cmTC_4f8ec.dir/build.make CMakeFiles/cmTC_4f8ec.dir/build
make[1]: Entering directory '/home/ncrl/workspace/ros_workspace/mobile_robots_ws/build/CMakeFiles/CMakeTmp'
Building C object CMakeFiles/cmTC_4f8ec.dir/CheckFunctionExists.c.o
/usr/bin/cc   -DCHECK_FUNCTION_EXISTS=pthread_create   -o CMakeFiles/cmTC_4f8ec.dir/CheckFunctionExists.c.o   -c /usr/share/cmake-3.10/Modules/CheckFunctionExists.c
Linking C executable cmTC_4f8ec
/usr/bin/cmake -E cmake_link_script CMakeFiles/cmTC_4f8ec.dir/link.txt --verbose=1
/usr/bin/cc  -DCHECK_FUNCTION_EXISTS=pthread_create    -rdynamic CMakeFiles/cmTC_4f8ec.dir/CheckFunctionExists.c.o  -o cmTC_4f8ec -lpthreads 
/usr/bin/ld: cannot find -lpthreads
collect2: error: ld returned 1 exit status
CMakeFiles/cmTC_4f8ec.dir/build.make:97: recipe for target 'cmTC_4f8ec' failed
make[1]: *** [cmTC_4f8ec] Error 1
make[1]: Leaving directory '/home/ncrl/workspace/ros_workspace/mobile_robots_ws/build/CMakeFiles/CMakeTmp'
Makefile:126: recipe for target 'cmTC_4f8ec/fast' failed
make: *** [cmTC_4f8ec/fast] Error 2


